<?xml version="1.0" encoding="UTF-8"?>
<testng-results skipped="12" failed="0" ignored="0" total="13" passed="1">
  <reporter-output>
  </reporter-output>
  <suite name="Suite" duration-ms="10320" started-at="2017-04-23T07:28:05Z" finished-at="2017-04-23T07:28:15Z">
    <groups>
    </groups>
    <test name="Deals Test" duration-ms="9242" started-at="2017-04-23T07:28:05Z" finished-at="2017-04-23T07:28:14Z">
      <class name="com.ddf.zoho.testcases.DealsTest">
        <test-method status="PASS" signature="init()[pri:0, instance:com.ddf.zoho.testcases.DealsTest@7113b13f]" name="init" is-config="true" duration-ms="30" started-at="2017-04-23T12:58:08Z" finished-at="2017-04-23T12:58:08Z">
          <reporter-output>
          </reporter-output>
        </test-method> <!-- init -->
        <test-method status="SKIP" signature="CreateDealTest(java.util.Hashtable)[pri:1, instance:com.ddf.zoho.testcases.DealsTest@7113b13f]" name="CreateDealTest" duration-ms="131" started-at="2017-04-23T12:58:08Z" data-provider="getdata" finished-at="2017-04-23T12:58:08Z">
          <params>
            <param index="0">
              <value>
                <![CDATA[{Runmode=Y, AccountName=john, ClosingDate=19/5/2017, Stage=Qualification, DealName=Profit, Browser=Mozilla}]]>
              </value>
            </param>
          </params>
          <exception class="org.testng.SkipException">
            <message>
              <![CDATA[Skipped due to Runmode as No]]>
            </message>
            <full-stacktrace>
              <![CDATA[org.testng.SkipException: Skipped due to Runmode as No
	at com.ddf.zoho.testcases.DealsTest.CreateDealTest(DealsTest.java:33)
	at sun.reflect.NativeMethodAccessorImpl.invoke0(Native Method)
	at sun.reflect.NativeMethodAccessorImpl.invoke(NativeMethodAccessorImpl.java:62)
	at sun.reflect.DelegatingMethodAccessorImpl.invoke(DelegatingMethodAccessorImpl.java:43)
	at java.lang.reflect.Method.invoke(Method.java:498)
	at org.testng.internal.MethodInvocationHelper.invokeMethod(MethodInvocationHelper.java:108)
	at org.testng.internal.Invoker.invokeMethod(Invoker.java:661)
	at org.testng.internal.Invoker.invokeTestMethod(Invoker.java:869)
	at org.testng.internal.TestMethodWithDataProviderMethodWorker.call(TestMethodWithDataProviderMethodWorker.java:75)
	at org.testng.internal.TestMethodWithDataProviderMethodWorker.call(TestMethodWithDataProviderMethodWorker.java:14)
	at java.util.concurrent.FutureTask.run(FutureTask.java:266)
	at java.util.concurrent.Executors$RunnableAdapter.call(Executors.java:511)
	at java.util.concurrent.FutureTask.run(FutureTask.java:266)
	at java.util.concurrent.ThreadPoolExecutor.runWorker(ThreadPoolExecutor.java:1142)
	at java.util.concurrent.ThreadPoolExecutor$Worker.run(ThreadPoolExecutor.java:617)
	at java.lang.Thread.run(Thread.java:745)
]]>
            </full-stacktrace>
          </exception> <!-- org.testng.SkipException -->
          <reporter-output>
          </reporter-output>
        </test-method> <!-- CreateDealTest -->
        <test-method status="PASS" signature="teardown()[pri:0, instance:com.ddf.zoho.testcases.DealsTest@7113b13f]" name="teardown" is-config="true" duration-ms="4169" started-at="2017-04-23T12:58:08Z" finished-at="2017-04-23T12:58:13Z">
          <reporter-output>
          </reporter-output>
        </test-method> <!-- teardown -->
        <test-method status="PASS" signature="init()[pri:0, instance:com.ddf.zoho.testcases.DealsTest@7113b13f]" name="init" is-config="true" duration-ms="2" started-at="2017-04-23T12:58:13Z" finished-at="2017-04-23T12:58:13Z">
          <reporter-output>
          </reporter-output>
        </test-method> <!-- init -->
        <test-method status="PASS" signature="DeleteDealTest()[pri:2, instance:com.ddf.zoho.testcases.DealsTest@7113b13f]" name="DeleteDealTest" duration-ms="234" started-at="2017-04-23T12:58:13Z" finished-at="2017-04-23T12:58:13Z">
          <reporter-output>
          </reporter-output>
        </test-method> <!-- DeleteDealTest -->
        <test-method status="PASS" signature="teardown()[pri:0, instance:com.ddf.zoho.testcases.DealsTest@7113b13f]" name="teardown" is-config="true" duration-ms="867" started-at="2017-04-23T12:58:13Z" finished-at="2017-04-23T12:58:14Z">
          <reporter-output>
          </reporter-output>
        </test-method> <!-- teardown -->
      </class> <!-- com.ddf.zoho.testcases.DealsTest -->
    </test> <!-- Deals Test -->
    <test name="Login Test" duration-ms="9459" started-at="2017-04-23T07:28:05Z" finished-at="2017-04-23T07:28:14Z">
      <class name="com.ddf.zoho.testcases.Logintest">
        <test-method status="PASS" signature="init()[pri:0, instance:com.ddf.zoho.testcases.Logintest@3dfc5fb8]" name="init" is-config="true" duration-ms="30" started-at="2017-04-23T12:58:08Z" finished-at="2017-04-23T12:58:08Z">
          <reporter-output>
          </reporter-output>
        </test-method> <!-- init -->
        <test-method status="PASS" signature="init()[pri:0, instance:com.ddf.zoho.testcases.Logintest@3dfc5fb8]" name="init" is-config="true" duration-ms="28" started-at="2017-04-23T12:58:08Z" finished-at="2017-04-23T12:58:08Z">
          <reporter-output>
          </reporter-output>
        </test-method> <!-- init -->
        <test-method status="SKIP" signature="doLoginTest(java.util.Hashtable)[pri:0, instance:com.ddf.zoho.testcases.Logintest@3dfc5fb8]" name="doLoginTest" duration-ms="188" started-at="2017-04-23T12:58:08Z" data-provider="getdata" finished-at="2017-04-23T12:58:08Z">
          <params>
            <param index="0">
              <value>
                <![CDATA[{Username=sushanth.sriram@yahoo.com, Password=xxxxxxx, Runmode=Y, Expected Result=Y, Browser=Chrome}]]>
              </value>
            </param>
          </params>
          <exception class="org.testng.SkipException">
            <message>
              <![CDATA[Skipped due to Runmode as N]]>
            </message>
            <full-stacktrace>
              <![CDATA[org.testng.SkipException: Skipped due to Runmode as N
	at com.ddf.zoho.testcases.Logintest.doLoginTest(Logintest.java:31)
	at sun.reflect.NativeMethodAccessorImpl.invoke0(Native Method)
	at sun.reflect.NativeMethodAccessorImpl.invoke(NativeMethodAccessorImpl.java:62)
	at sun.reflect.DelegatingMethodAccessorImpl.invoke(DelegatingMethodAccessorImpl.java:43)
	at java.lang.reflect.Method.invoke(Method.java:498)
	at org.testng.internal.MethodInvocationHelper.invokeMethod(MethodInvocationHelper.java:108)
	at org.testng.internal.Invoker.invokeMethod(Invoker.java:661)
	at org.testng.internal.Invoker.invokeTestMethod(Invoker.java:869)
	at org.testng.internal.TestMethodWithDataProviderMethodWorker.call(TestMethodWithDataProviderMethodWorker.java:75)
	at org.testng.internal.TestMethodWithDataProviderMethodWorker.call(TestMethodWithDataProviderMethodWorker.java:14)
	at java.util.concurrent.FutureTask.run(FutureTask.java:266)
	at java.util.concurrent.Executors$RunnableAdapter.call(Executors.java:511)
	at java.util.concurrent.FutureTask.run(FutureTask.java:266)
	at java.util.concurrent.ThreadPoolExecutor.runWorker(ThreadPoolExecutor.java:1142)
	at java.util.concurrent.ThreadPoolExecutor$Worker.run(ThreadPoolExecutor.java:617)
	at java.lang.Thread.run(Thread.java:745)
]]>
            </full-stacktrace>
          </exception> <!-- org.testng.SkipException -->
          <reporter-output>
          </reporter-output>
        </test-method> <!-- doLoginTest -->
        <test-method status="SKIP" signature="doLoginTest(java.util.Hashtable)[pri:0, instance:com.ddf.zoho.testcases.Logintest@3dfc5fb8]" name="doLoginTest" duration-ms="203" started-at="2017-04-23T12:58:08Z" data-provider="getdata" finished-at="2017-04-23T12:58:08Z">
          <params>
            <param index="0">
              <value>
                <![CDATA[{Username=sushanth.sriram@yahoo.com, Password=selenium, Runmode=Y, Expected Result=Y, Browser=Mozilla}]]>
              </value>
            </param>
          </params>
          <exception class="org.testng.SkipException">
            <message>
              <![CDATA[Skipped due to Runmode as N]]>
            </message>
            <full-stacktrace>
              <![CDATA[org.testng.SkipException: Skipped due to Runmode as N
	at com.ddf.zoho.testcases.Logintest.doLoginTest(Logintest.java:31)
	at sun.reflect.NativeMethodAccessorImpl.invoke0(Native Method)
	at sun.reflect.NativeMethodAccessorImpl.invoke(NativeMethodAccessorImpl.java:62)
	at sun.reflect.DelegatingMethodAccessorImpl.invoke(DelegatingMethodAccessorImpl.java:43)
	at java.lang.reflect.Method.invoke(Method.java:498)
	at org.testng.internal.MethodInvocationHelper.invokeMethod(MethodInvocationHelper.java:108)
	at org.testng.internal.Invoker.invokeMethod(Invoker.java:661)
	at org.testng.internal.Invoker.invokeTestMethod(Invoker.java:869)
	at org.testng.internal.TestMethodWithDataProviderMethodWorker.call(TestMethodWithDataProviderMethodWorker.java:75)
	at org.testng.internal.TestMethodWithDataProviderMethodWorker.call(TestMethodWithDataProviderMethodWorker.java:14)
	at java.util.concurrent.FutureTask.run(FutureTask.java:266)
	at java.util.concurrent.Executors$RunnableAdapter.call(Executors.java:511)
	at java.util.concurrent.FutureTask.run(FutureTask.java:266)
	at java.util.concurrent.ThreadPoolExecutor.runWorker(ThreadPoolExecutor.java:1142)
	at java.util.concurrent.ThreadPoolExecutor$Worker.run(ThreadPoolExecutor.java:617)
	at java.lang.Thread.run(Thread.java:745)
]]>
            </full-stacktrace>
          </exception> <!-- org.testng.SkipException -->
          <reporter-output>
          </reporter-output>
        </test-method> <!-- doLoginTest -->
        <test-method status="PASS" signature="teardown()[pri:0, instance:com.ddf.zoho.testcases.Logintest@3dfc5fb8]" name="teardown" is-config="true" duration-ms="5644" started-at="2017-04-23T12:58:08Z" finished-at="2017-04-23T12:58:14Z">
          <reporter-output>
          </reporter-output>
        </test-method> <!-- teardown -->
        <test-method status="PASS" signature="teardown()[pri:0, instance:com.ddf.zoho.testcases.Logintest@3dfc5fb8]" name="teardown" is-config="true" duration-ms="4564" started-at="2017-04-23T12:58:08Z" finished-at="2017-04-23T12:58:13Z">
          <reporter-output>
          </reporter-output>
        </test-method> <!-- teardown -->
      </class> <!-- com.ddf.zoho.testcases.Logintest -->
    </test> <!-- Login Test -->
    <test name="Lead Test" duration-ms="10320" started-at="2017-04-23T07:28:05Z" finished-at="2017-04-23T07:28:15Z">
      <class name="com.ddf.zoho.testcases.LeadTest">
        <test-method status="PASS" signature="init()[pri:0, instance:com.ddf.zoho.testcases.LeadTest@7a9273a8]" name="init" is-config="true" duration-ms="30" started-at="2017-04-23T12:58:08Z" finished-at="2017-04-23T12:58:08Z">
          <reporter-output>
          </reporter-output>
        </test-method> <!-- init -->
        <test-method status="PASS" signature="init()[pri:0, instance:com.ddf.zoho.testcases.LeadTest@7a9273a8]" name="init" is-config="true" duration-ms="30" started-at="2017-04-23T12:58:08Z" finished-at="2017-04-23T12:58:08Z">
          <reporter-output>
          </reporter-output>
        </test-method> <!-- init -->
        <test-method status="PASS" signature="init()[pri:0, instance:com.ddf.zoho.testcases.LeadTest@7a9273a8]" name="init" is-config="true" duration-ms="31" started-at="2017-04-23T12:58:08Z" finished-at="2017-04-23T12:58:08Z">
          <reporter-output>
          </reporter-output>
        </test-method> <!-- init -->
        <test-method status="PASS" signature="init()[pri:0, instance:com.ddf.zoho.testcases.LeadTest@7a9273a8]" name="init" is-config="true" duration-ms="29" started-at="2017-04-23T12:58:08Z" finished-at="2017-04-23T12:58:08Z">
          <reporter-output>
          </reporter-output>
        </test-method> <!-- init -->
        <test-method status="SKIP" signature="CreateLeadTest(java.util.Hashtable)[pri:1, instance:com.ddf.zoho.testcases.LeadTest@7a9273a8]" name="CreateLeadTest" duration-ms="142" started-at="2017-04-23T12:58:08Z" data-provider="getdata" finished-at="2017-04-23T12:58:08Z">
          <params>
            <param index="0">
              <value>
                <![CDATA[{CompanyName=Ford, FirstName=Henry, LastName=k, Runmode=N, Browser=Mozilla}]]>
              </value>
            </param>
          </params>
          <exception class="org.testng.SkipException">
            <message>
              <![CDATA[Skipping the test as runmode is N]]>
            </message>
            <full-stacktrace>
              <![CDATA[org.testng.SkipException: Skipping the test as runmode is N
	at com.ddf.zoho.testcases.LeadTest.CreateLeadTest(LeadTest.java:32)
	at sun.reflect.NativeMethodAccessorImpl.invoke0(Native Method)
	at sun.reflect.NativeMethodAccessorImpl.invoke(NativeMethodAccessorImpl.java:62)
	at sun.reflect.DelegatingMethodAccessorImpl.invoke(DelegatingMethodAccessorImpl.java:43)
	at java.lang.reflect.Method.invoke(Method.java:498)
	at org.testng.internal.MethodInvocationHelper.invokeMethod(MethodInvocationHelper.java:108)
	at org.testng.internal.Invoker.invokeMethod(Invoker.java:661)
	at org.testng.internal.Invoker.invokeTestMethod(Invoker.java:869)
	at org.testng.internal.TestMethodWithDataProviderMethodWorker.call(TestMethodWithDataProviderMethodWorker.java:75)
	at org.testng.internal.TestMethodWithDataProviderMethodWorker.call(TestMethodWithDataProviderMethodWorker.java:14)
	at java.util.concurrent.FutureTask.run(FutureTask.java:266)
	at java.util.concurrent.Executors$RunnableAdapter.call(Executors.java:511)
	at java.util.concurrent.FutureTask.run(FutureTask.java:266)
	at java.util.concurrent.ThreadPoolExecutor.runWorker(ThreadPoolExecutor.java:1142)
	at java.util.concurrent.ThreadPoolExecutor$Worker.run(ThreadPoolExecutor.java:617)
	at java.lang.Thread.run(Thread.java:745)
]]>
            </full-stacktrace>
          </exception> <!-- org.testng.SkipException -->
          <reporter-output>
          </reporter-output>
        </test-method> <!-- CreateLeadTest -->
        <test-method status="SKIP" signature="CreateLeadTest(java.util.Hashtable)[pri:1, instance:com.ddf.zoho.testcases.LeadTest@7a9273a8]" name="CreateLeadTest" duration-ms="146" started-at="2017-04-23T12:58:08Z" data-provider="getdata" finished-at="2017-04-23T12:58:08Z">
          <params>
            <param index="0">
              <value>
                <![CDATA[{CompanyName=Microsoft, FirstName=Billigates, LastName=Bil, Runmode=N, Browser=Chrome}]]>
              </value>
            </param>
          </params>
          <exception class="org.testng.SkipException">
            <message>
              <![CDATA[Skipping the test as runmode is N]]>
            </message>
            <full-stacktrace>
              <![CDATA[org.testng.SkipException: Skipping the test as runmode is N
	at com.ddf.zoho.testcases.LeadTest.CreateLeadTest(LeadTest.java:32)
	at sun.reflect.NativeMethodAccessorImpl.invoke0(Native Method)
	at sun.reflect.NativeMethodAccessorImpl.invoke(NativeMethodAccessorImpl.java:62)
	at sun.reflect.DelegatingMethodAccessorImpl.invoke(DelegatingMethodAccessorImpl.java:43)
	at java.lang.reflect.Method.invoke(Method.java:498)
	at org.testng.internal.MethodInvocationHelper.invokeMethod(MethodInvocationHelper.java:108)
	at org.testng.internal.Invoker.invokeMethod(Invoker.java:661)
	at org.testng.internal.Invoker.invokeTestMethod(Invoker.java:869)
	at org.testng.internal.TestMethodWithDataProviderMethodWorker.call(TestMethodWithDataProviderMethodWorker.java:75)
	at org.testng.internal.TestMethodWithDataProviderMethodWorker.call(TestMethodWithDataProviderMethodWorker.java:14)
	at java.util.concurrent.FutureTask.run(FutureTask.java:266)
	at java.util.concurrent.Executors$RunnableAdapter.call(Executors.java:511)
	at java.util.concurrent.FutureTask.run(FutureTask.java:266)
	at java.util.concurrent.ThreadPoolExecutor.runWorker(ThreadPoolExecutor.java:1142)
	at java.util.concurrent.ThreadPoolExecutor$Worker.run(ThreadPoolExecutor.java:617)
	at java.lang.Thread.run(Thread.java:745)
]]>
            </full-stacktrace>
          </exception> <!-- org.testng.SkipException -->
          <reporter-output>
          </reporter-output>
        </test-method> <!-- CreateLeadTest -->
        <test-method status="SKIP" signature="CreateLeadTest(java.util.Hashtable)[pri:1, instance:com.ddf.zoho.testcases.LeadTest@7a9273a8]" name="CreateLeadTest" duration-ms="182" started-at="2017-04-23T12:58:08Z" data-provider="getdata" finished-at="2017-04-23T12:58:08Z">
          <params>
            <param index="0">
              <value>
                <![CDATA[{CompanyName=Samsung, FirstName=Bolt, LastName=john, Runmode=Y, Browser=Mozilla}]]>
              </value>
            </param>
          </params>
          <exception class="org.testng.SkipException">
            <message>
              <![CDATA[Skipping the test as runmode is N]]>
            </message>
            <full-stacktrace>
              <![CDATA[org.testng.SkipException: Skipping the test as runmode is N
	at com.ddf.zoho.testcases.LeadTest.CreateLeadTest(LeadTest.java:32)
	at sun.reflect.NativeMethodAccessorImpl.invoke0(Native Method)
	at sun.reflect.NativeMethodAccessorImpl.invoke(NativeMethodAccessorImpl.java:62)
	at sun.reflect.DelegatingMethodAccessorImpl.invoke(DelegatingMethodAccessorImpl.java:43)
	at java.lang.reflect.Method.invoke(Method.java:498)
	at org.testng.internal.MethodInvocationHelper.invokeMethod(MethodInvocationHelper.java:108)
	at org.testng.internal.Invoker.invokeMethod(Invoker.java:661)
	at org.testng.internal.Invoker.invokeTestMethod(Invoker.java:869)
	at org.testng.internal.TestMethodWithDataProviderMethodWorker.call(TestMethodWithDataProviderMethodWorker.java:75)
	at org.testng.internal.TestMethodWithDataProviderMethodWorker.call(TestMethodWithDataProviderMethodWorker.java:14)
	at java.util.concurrent.FutureTask.run(FutureTask.java:266)
	at java.util.concurrent.Executors$RunnableAdapter.call(Executors.java:511)
	at java.util.concurrent.FutureTask.run(FutureTask.java:266)
	at java.util.concurrent.ThreadPoolExecutor.runWorker(ThreadPoolExecutor.java:1142)
	at java.util.concurrent.ThreadPoolExecutor$Worker.run(ThreadPoolExecutor.java:617)
	at java.lang.Thread.run(Thread.java:745)
]]>
            </full-stacktrace>
          </exception> <!-- org.testng.SkipException -->
          <reporter-output>
          </reporter-output>
        </test-method> <!-- CreateLeadTest -->
        <test-method status="SKIP" signature="CreateLeadTest(java.util.Hashtable)[pri:1, instance:com.ddf.zoho.testcases.LeadTest@7a9273a8]" name="CreateLeadTest" duration-ms="142" started-at="2017-04-23T12:58:08Z" data-provider="getdata" finished-at="2017-04-23T12:58:08Z">
          <params>
            <param index="0">
              <value>
                <![CDATA[{CompanyName=Iphone, FirstName=Steve, LastName=Jobs, Runmode=N, Browser=Chrome}]]>
              </value>
            </param>
          </params>
          <exception class="org.testng.SkipException">
            <message>
              <![CDATA[Skipping the test as runmode is N]]>
            </message>
            <full-stacktrace>
              <![CDATA[org.testng.SkipException: Skipping the test as runmode is N
	at com.ddf.zoho.testcases.LeadTest.CreateLeadTest(LeadTest.java:32)
	at sun.reflect.NativeMethodAccessorImpl.invoke0(Native Method)
	at sun.reflect.NativeMethodAccessorImpl.invoke(NativeMethodAccessorImpl.java:62)
	at sun.reflect.DelegatingMethodAccessorImpl.invoke(DelegatingMethodAccessorImpl.java:43)
	at java.lang.reflect.Method.invoke(Method.java:498)
	at org.testng.internal.MethodInvocationHelper.invokeMethod(MethodInvocationHelper.java:108)
	at org.testng.internal.Invoker.invokeMethod(Invoker.java:661)
	at org.testng.internal.Invoker.invokeTestMethod(Invoker.java:869)
	at org.testng.internal.TestMethodWithDataProviderMethodWorker.call(TestMethodWithDataProviderMethodWorker.java:75)
	at org.testng.internal.TestMethodWithDataProviderMethodWorker.call(TestMethodWithDataProviderMethodWorker.java:14)
	at java.util.concurrent.FutureTask.run(FutureTask.java:266)
	at java.util.concurrent.Executors$RunnableAdapter.call(Executors.java:511)
	at java.util.concurrent.FutureTask.run(FutureTask.java:266)
	at java.util.concurrent.ThreadPoolExecutor.runWorker(ThreadPoolExecutor.java:1142)
	at java.util.concurrent.ThreadPoolExecutor$Worker.run(ThreadPoolExecutor.java:617)
	at java.lang.Thread.run(Thread.java:745)
]]>
            </full-stacktrace>
          </exception> <!-- org.testng.SkipException -->
          <reporter-output>
          </reporter-output>
        </test-method> <!-- CreateLeadTest -->
        <test-method status="PASS" signature="teardown()[pri:0, instance:com.ddf.zoho.testcases.LeadTest@7a9273a8]" name="teardown" is-config="true" duration-ms="4527" started-at="2017-04-23T12:58:08Z" finished-at="2017-04-23T12:58:13Z">
          <reporter-output>
          </reporter-output>
        </test-method> <!-- teardown -->
        <test-method status="PASS" signature="teardown()[pri:0, instance:com.ddf.zoho.testcases.LeadTest@7a9273a8]" name="teardown" is-config="true" duration-ms="5087" started-at="2017-04-23T12:58:08Z" finished-at="2017-04-23T12:58:14Z">
          <reporter-output>
          </reporter-output>
        </test-method> <!-- teardown -->
        <test-method status="PASS" signature="teardown()[pri:0, instance:com.ddf.zoho.testcases.LeadTest@7a9273a8]" name="teardown" is-config="true" duration-ms="4964" started-at="2017-04-23T12:58:08Z" finished-at="2017-04-23T12:58:13Z">
          <reporter-output>
          </reporter-output>
        </test-method> <!-- teardown -->
        <test-method status="PASS" signature="teardown()[pri:0, instance:com.ddf.zoho.testcases.LeadTest@7a9273a8]" name="teardown" is-config="true" duration-ms="4713" started-at="2017-04-23T12:58:08Z" finished-at="2017-04-23T12:58:13Z">
          <reporter-output>
          </reporter-output>
        </test-method> <!-- teardown -->
        <test-method status="PASS" signature="init()[pri:0, instance:com.ddf.zoho.testcases.LeadTest@7a9273a8]" name="init" is-config="true" duration-ms="1" started-at="2017-04-23T12:58:14Z" finished-at="2017-04-23T12:58:14Z">
          <reporter-output>
          </reporter-output>
        </test-method> <!-- init -->
        <test-method status="SKIP" signature="ConvertLeadTest(java.util.Hashtable)[pri:2, instance:com.ddf.zoho.testcases.LeadTest@7a9273a8]" name="ConvertLeadTest" duration-ms="276" started-at="2017-04-23T12:58:14Z" data-provider="getdata" finished-at="2017-04-23T12:58:14Z">
          <params>
            <param index="0">
              <value>
                <![CDATA[{CompanyName=Samsung, FirstName=Bolt, LastName=john, Runmode=Y, Browser=Mozilla}]]>
              </value>
            </param>
          </params>
          <exception class="org.testng.SkipException">
            <message>
              <![CDATA[Skipped due to Runmode as No]]>
            </message>
            <full-stacktrace>
              <![CDATA[org.testng.SkipException: Skipped due to Runmode as No
	at com.ddf.zoho.testcases.LeadTest.ConvertLeadTest(LeadTest.java:71)
	at sun.reflect.NativeMethodAccessorImpl.invoke0(Native Method)
	at sun.reflect.NativeMethodAccessorImpl.invoke(NativeMethodAccessorImpl.java:62)
	at sun.reflect.DelegatingMethodAccessorImpl.invoke(DelegatingMethodAccessorImpl.java:43)
	at java.lang.reflect.Method.invoke(Method.java:498)
	at org.testng.internal.MethodInvocationHelper.invokeMethod(MethodInvocationHelper.java:108)
	at org.testng.internal.Invoker.invokeMethod(Invoker.java:661)
	at org.testng.internal.Invoker.invokeTestMethod(Invoker.java:869)
	at org.testng.internal.TestMethodWithDataProviderMethodWorker.call(TestMethodWithDataProviderMethodWorker.java:75)
	at org.testng.internal.TestMethodWithDataProviderMethodWorker.call(TestMethodWithDataProviderMethodWorker.java:14)
	at java.util.concurrent.FutureTask.run(FutureTask.java:266)
	at java.util.concurrent.Executors$RunnableAdapter.call(Executors.java:511)
	at java.util.concurrent.FutureTask.run(FutureTask.java:266)
	at java.util.concurrent.ThreadPoolExecutor.runWorker(ThreadPoolExecutor.java:1142)
	at java.util.concurrent.ThreadPoolExecutor$Worker.run(ThreadPoolExecutor.java:617)
	at java.lang.Thread.run(Thread.java:745)
]]>
            </full-stacktrace>
          </exception> <!-- org.testng.SkipException -->
          <reporter-output>
          </reporter-output>
        </test-method> <!-- ConvertLeadTest -->
        <test-method status="PASS" signature="init()[pri:0, instance:com.ddf.zoho.testcases.LeadTest@7a9273a8]" name="init" is-config="true" duration-ms="1" started-at="2017-04-23T12:58:14Z" finished-at="2017-04-23T12:58:14Z">
          <reporter-output>
          </reporter-output>
        </test-method> <!-- init -->
        <test-method status="SKIP" signature="ConvertLeadTest(java.util.Hashtable)[pri:2, instance:com.ddf.zoho.testcases.LeadTest@7a9273a8]" name="ConvertLeadTest" duration-ms="257" started-at="2017-04-23T12:58:14Z" data-provider="getdata" finished-at="2017-04-23T12:58:14Z">
          <params>
            <param index="0">
              <value>
                <![CDATA[{CompanyName=Ford, FirstName=Henry, LastName=k, Runmode=N, Browser=Mozilla}]]>
              </value>
            </param>
          </params>
          <exception class="org.testng.SkipException">
            <message>
              <![CDATA[Skipped due to Runmode as No]]>
            </message>
            <full-stacktrace>
              <![CDATA[org.testng.SkipException: Skipped due to Runmode as No
	at com.ddf.zoho.testcases.LeadTest.ConvertLeadTest(LeadTest.java:71)
	at sun.reflect.NativeMethodAccessorImpl.invoke0(Native Method)
	at sun.reflect.NativeMethodAccessorImpl.invoke(NativeMethodAccessorImpl.java:62)
	at sun.reflect.DelegatingMethodAccessorImpl.invoke(DelegatingMethodAccessorImpl.java:43)
	at java.lang.reflect.Method.invoke(Method.java:498)
	at org.testng.internal.MethodInvocationHelper.invokeMethod(MethodInvocationHelper.java:108)
	at org.testng.internal.Invoker.invokeMethod(Invoker.java:661)
	at org.testng.internal.Invoker.invokeTestMethod(Invoker.java:869)
	at org.testng.internal.TestMethodWithDataProviderMethodWorker.call(TestMethodWithDataProviderMethodWorker.java:75)
	at org.testng.internal.TestMethodWithDataProviderMethodWorker.call(TestMethodWithDataProviderMethodWorker.java:14)
	at java.util.concurrent.FutureTask.run(FutureTask.java:266)
	at java.util.concurrent.Executors$RunnableAdapter.call(Executors.java:511)
	at java.util.concurrent.FutureTask.run(FutureTask.java:266)
	at java.util.concurrent.ThreadPoolExecutor.runWorker(ThreadPoolExecutor.java:1142)
	at java.util.concurrent.ThreadPoolExecutor$Worker.run(ThreadPoolExecutor.java:617)
	at java.lang.Thread.run(Thread.java:745)
]]>
            </full-stacktrace>
          </exception> <!-- org.testng.SkipException -->
          <reporter-output>
          </reporter-output>
        </test-method> <!-- ConvertLeadTest -->
        <test-method status="PASS" signature="init()[pri:0, instance:com.ddf.zoho.testcases.LeadTest@7a9273a8]" name="init" is-config="true" duration-ms="0" started-at="2017-04-23T12:58:14Z" finished-at="2017-04-23T12:58:14Z">
          <reporter-output>
          </reporter-output>
        </test-method> <!-- init -->
        <test-method status="SKIP" signature="ConvertLeadTest(java.util.Hashtable)[pri:2, instance:com.ddf.zoho.testcases.LeadTest@7a9273a8]" name="ConvertLeadTest" duration-ms="248" started-at="2017-04-23T12:58:14Z" data-provider="getdata" finished-at="2017-04-23T12:58:14Z">
          <params>
            <param index="0">
              <value>
                <![CDATA[{CompanyName=Microsoft, FirstName=Billigates, LastName=Bil, Runmode=N, Browser=Chrome}]]>
              </value>
            </param>
          </params>
          <exception class="org.testng.SkipException">
            <message>
              <![CDATA[Skipped due to Runmode as No]]>
            </message>
            <full-stacktrace>
              <![CDATA[org.testng.SkipException: Skipped due to Runmode as No
	at com.ddf.zoho.testcases.LeadTest.ConvertLeadTest(LeadTest.java:71)
	at sun.reflect.NativeMethodAccessorImpl.invoke0(Native Method)
	at sun.reflect.NativeMethodAccessorImpl.invoke(NativeMethodAccessorImpl.java:62)
	at sun.reflect.DelegatingMethodAccessorImpl.invoke(DelegatingMethodAccessorImpl.java:43)
	at java.lang.reflect.Method.invoke(Method.java:498)
	at org.testng.internal.MethodInvocationHelper.invokeMethod(MethodInvocationHelper.java:108)
	at org.testng.internal.Invoker.invokeMethod(Invoker.java:661)
	at org.testng.internal.Invoker.invokeTestMethod(Invoker.java:869)
	at org.testng.internal.TestMethodWithDataProviderMethodWorker.call(TestMethodWithDataProviderMethodWorker.java:75)
	at org.testng.internal.TestMethodWithDataProviderMethodWorker.call(TestMethodWithDataProviderMethodWorker.java:14)
	at java.util.concurrent.FutureTask.run(FutureTask.java:266)
	at java.util.concurrent.Executors$RunnableAdapter.call(Executors.java:511)
	at java.util.concurrent.FutureTask.run(FutureTask.java:266)
	at java.util.concurrent.ThreadPoolExecutor.runWorker(ThreadPoolExecutor.java:1142)
	at java.util.concurrent.ThreadPoolExecutor$Worker.run(ThreadPoolExecutor.java:617)
	at java.lang.Thread.run(Thread.java:745)
]]>
            </full-stacktrace>
          </exception> <!-- org.testng.SkipException -->
          <reporter-output>
          </reporter-output>
        </test-method> <!-- ConvertLeadTest -->
        <test-method status="PASS" signature="init()[pri:0, instance:com.ddf.zoho.testcases.LeadTest@7a9273a8]" name="init" is-config="true" duration-ms="5" started-at="2017-04-23T12:58:14Z" finished-at="2017-04-23T12:58:14Z">
          <reporter-output>
          </reporter-output>
        </test-method> <!-- init -->
        <test-method status="SKIP" signature="ConvertLeadTest(java.util.Hashtable)[pri:2, instance:com.ddf.zoho.testcases.LeadTest@7a9273a8]" name="ConvertLeadTest" duration-ms="241" started-at="2017-04-23T12:58:14Z" data-provider="getdata" finished-at="2017-04-23T12:58:14Z">
          <params>
            <param index="0">
              <value>
                <![CDATA[{CompanyName=Iphone, FirstName=Steve, LastName=Jobs, Runmode=N, Browser=Chrome}]]>
              </value>
            </param>
          </params>
          <exception class="org.testng.SkipException">
            <message>
              <![CDATA[Skipped due to Runmode as No]]>
            </message>
            <full-stacktrace>
              <![CDATA[org.testng.SkipException: Skipped due to Runmode as No
	at com.ddf.zoho.testcases.LeadTest.ConvertLeadTest(LeadTest.java:71)
	at sun.reflect.NativeMethodAccessorImpl.invoke0(Native Method)
	at sun.reflect.NativeMethodAccessorImpl.invoke(NativeMethodAccessorImpl.java:62)
	at sun.reflect.DelegatingMethodAccessorImpl.invoke(DelegatingMethodAccessorImpl.java:43)
	at java.lang.reflect.Method.invoke(Method.java:498)
	at org.testng.internal.MethodInvocationHelper.invokeMethod(MethodInvocationHelper.java:108)
	at org.testng.internal.Invoker.invokeMethod(Invoker.java:661)
	at org.testng.internal.Invoker.invokeTestMethod(Invoker.java:869)
	at org.testng.internal.TestMethodWithDataProviderMethodWorker.call(TestMethodWithDataProviderMethodWorker.java:75)
	at org.testng.internal.TestMethodWithDataProviderMethodWorker.call(TestMethodWithDataProviderMethodWorker.java:14)
	at java.util.concurrent.FutureTask.run(FutureTask.java:266)
	at java.util.concurrent.Executors$RunnableAdapter.call(Executors.java:511)
	at java.util.concurrent.FutureTask.run(FutureTask.java:266)
	at java.util.concurrent.ThreadPoolExecutor.runWorker(ThreadPoolExecutor.java:1142)
	at java.util.concurrent.ThreadPoolExecutor$Worker.run(ThreadPoolExecutor.java:617)
	at java.lang.Thread.run(Thread.java:745)
]]>
            </full-stacktrace>
          </exception> <!-- org.testng.SkipException -->
          <reporter-output>
          </reporter-output>
        </test-method> <!-- ConvertLeadTest -->
        <test-method status="PASS" signature="teardown()[pri:0, instance:com.ddf.zoho.testcases.LeadTest@7a9273a8]" name="teardown" is-config="true" duration-ms="387" started-at="2017-04-23T12:58:14Z" finished-at="2017-04-23T12:58:14Z">
          <reporter-output>
          </reporter-output>
        </test-method> <!-- teardown -->
        <test-method status="PASS" signature="teardown()[pri:0, instance:com.ddf.zoho.testcases.LeadTest@7a9273a8]" name="teardown" is-config="true" duration-ms="248" started-at="2017-04-23T12:58:14Z" finished-at="2017-04-23T12:58:14Z">
          <reporter-output>
          </reporter-output>
        </test-method> <!-- teardown -->
        <test-method status="PASS" signature="teardown()[pri:0, instance:com.ddf.zoho.testcases.LeadTest@7a9273a8]" name="teardown" is-config="true" duration-ms="142" started-at="2017-04-23T12:58:14Z" finished-at="2017-04-23T12:58:14Z">
          <reporter-output>
          </reporter-output>
        </test-method> <!-- teardown -->
        <test-method status="PASS" signature="teardown()[pri:0, instance:com.ddf.zoho.testcases.LeadTest@7a9273a8]" name="teardown" is-config="true" duration-ms="449" started-at="2017-04-23T12:58:14Z" finished-at="2017-04-23T12:58:14Z">
          <reporter-output>
          </reporter-output>
        </test-method> <!-- teardown -->
        <test-method status="PASS" signature="init()[pri:0, instance:com.ddf.zoho.testcases.LeadTest@7a9273a8]" name="init" is-config="true" duration-ms="0" started-at="2017-04-23T12:58:15Z" finished-at="2017-04-23T12:58:15Z">
          <reporter-output>
          </reporter-output>
        </test-method> <!-- init -->
        <test-method status="SKIP" signature="DeleteLeadAccountTest(java.util.Hashtable)[pri:3, instance:com.ddf.zoho.testcases.LeadTest@7a9273a8]" name="DeleteLeadAccountTest" duration-ms="8" started-at="2017-04-23T12:58:15Z" data-provider="DeleteLeadTest" finished-at="2017-04-23T12:58:15Z">
          <params>
            <param index="0">
              <value>
                <![CDATA[{CompanyName=HP, FirstName=p, LastName=Hewlett, Runmode=Y, Browser=Mozilla}]]>
              </value>
            </param>
          </params>
          <exception class="org.testng.SkipException">
            <message>
              <![CDATA[Skipped due to Runmode as No]]>
            </message>
            <full-stacktrace>
              <![CDATA[org.testng.SkipException: Skipped due to Runmode as No
	at com.ddf.zoho.testcases.LeadTest.DeleteLeadAccountTest(LeadTest.java:95)
	at sun.reflect.NativeMethodAccessorImpl.invoke0(Native Method)
	at sun.reflect.NativeMethodAccessorImpl.invoke(NativeMethodAccessorImpl.java:62)
	at sun.reflect.DelegatingMethodAccessorImpl.invoke(DelegatingMethodAccessorImpl.java:43)
	at java.lang.reflect.Method.invoke(Method.java:498)
	at org.testng.internal.MethodInvocationHelper.invokeMethod(MethodInvocationHelper.java:108)
	at org.testng.internal.Invoker.invokeMethod(Invoker.java:661)
	at org.testng.internal.Invoker.invokeTestMethod(Invoker.java:869)
	at org.testng.internal.TestMethodWithDataProviderMethodWorker.call(TestMethodWithDataProviderMethodWorker.java:75)
	at org.testng.internal.TestMethodWithDataProviderMethodWorker.call(TestMethodWithDataProviderMethodWorker.java:14)
	at java.util.concurrent.FutureTask.run(FutureTask.java:266)
	at java.util.concurrent.Executors$RunnableAdapter.call(Executors.java:511)
	at java.util.concurrent.FutureTask.run(FutureTask.java:266)
	at java.util.concurrent.ThreadPoolExecutor.runWorker(ThreadPoolExecutor.java:1142)
	at java.util.concurrent.ThreadPoolExecutor$Worker.run(ThreadPoolExecutor.java:617)
	at java.lang.Thread.run(Thread.java:745)
]]>
            </full-stacktrace>
          </exception> <!-- org.testng.SkipException -->
          <reporter-output>
          </reporter-output>
        </test-method> <!-- DeleteLeadAccountTest -->
        <test-method status="PASS" signature="teardown()[pri:0, instance:com.ddf.zoho.testcases.LeadTest@7a9273a8]" name="teardown" is-config="true" duration-ms="165" started-at="2017-04-23T12:58:15Z" finished-at="2017-04-23T12:58:15Z">
          <reporter-output>
          </reporter-output>
        </test-method> <!-- teardown -->
      </class> <!-- com.ddf.zoho.testcases.LeadTest -->
    </test> <!-- Lead Test -->
  </suite> <!-- Suite -->
</testng-results>
